<?xml version="1.0" encoding="UTF-8"?>
<!-- Generated by org.testng.reporters.JUnitXMLReporter -->
<testsuite hostname="KuhiMsi" name="Smoke Testcases" tests="1" failures="1" timestamp="14 Jul 2015 10:50:18 GMT" time="72.785" errors="0">
  <testcase name="test" time="72.768" classname="parametri.Test1">
    <failure type="java.util.NoSuchElementException">
      <![CDATA[java.util.NoSuchElementException
	at java.util.LinkedHashMap$LinkedHashIterator.nextNode(Unknown Source)
	at java.util.LinkedHashMap$LinkedKeyIterator.next(Unknown Source)
	at skripta.GlavnaSkripta.Test(GlavnaSkripta.java:243)
	at parametri.Test1.test(Test1.java:27)
... Removed 24 stack frames]]>
    </failure>
  </testcase> <!-- test -->
</testsuite> <!-- Smoke Testcases -->
