<?xml version="1.0" encoding="UTF-8"?>
<testng-results skipped="0" failed="0" total="1" passed="1">
  <reporter-output>
  </reporter-output>
  <suite name="Automation Test" duration-ms="121924" started-at="2015-07-15T10:52:57Z" finished-at="2015-07-15T10:54:59Z">
    <groups>
    </groups>
    <test name="Smoke Testcases" duration-ms="121924" started-at="2015-07-15T10:52:57Z" finished-at="2015-07-15T10:54:59Z">
      <class name="parametri.Test1">
        <test-method status="PASS" signature="test()[pri:0, instance:parametri.Test1@afb23c]" name="test" duration-ms="121912" started-at="2015-07-15T12:52:57Z" finished-at="2015-07-15T12:54:59Z">
          <reporter-output>
          </reporter-output>
        </test-method> <!-- test -->
      </class> <!-- parametri.Test1 -->
    </test> <!-- Smoke Testcases -->
  </suite> <!-- Automation Test -->
</testng-results>
